<?xml version="1.0" encoding="UTF-8"?>
<testsuites>
  <testsuite name="" tests="6" assertions="7" errors="0" warnings="0" failures="0" skipped="0" time="6.015592">
    <testsuite name="Instapago Test Suite" tests="6" assertions="7" errors="0" warnings="0" failures="0" skipped="0" time="6.015592">
      <testsuite name="Instapago\Instapago\Tests\ApiInstapagoTest" file="/home/angel/html/php-instapago/tests/ApiInstapagoTest.php" tests="6" assertions="7" errors="0" warnings="0" failures="0" skipped="0" time="6.015592">
        <testcase name="test_data_erronea" class="Instapago\Instapago\Tests\ApiInstapagoTest" classname="Instapago.Instapago.Tests.ApiInstapagoTest" file="/home/angel/html/php-instapago/tests/ApiInstapagoTest.php" line="48" assertions="1" time="0.753921"/>
        <testcase name="test_crear_pago_directo" class="Instapago\Instapago\Tests\ApiInstapagoTest" classname="Instapago.Instapago.Tests.ApiInstapagoTest" file="/home/angel/html/php-instapago/tests/ApiInstapagoTest.php" line="59" assertions="1" time="1.189768"/>
        <testcase name="test_crear_pago_reserva" class="Instapago\Instapago\Tests\ApiInstapagoTest" classname="Instapago.Instapago.Tests.ApiInstapagoTest" file="/home/angel/html/php-instapago/tests/ApiInstapagoTest.php" line="69" assertions="2" time="1.111412"/>
        <testcase name="testContinuarPago" class="Instapago\Instapago\Tests\ApiInstapagoTest" classname="Instapago.Instapago.Tests.ApiInstapagoTest" file="/home/angel/html/php-instapago/tests/ApiInstapagoTest.php" line="82" assertions="1" time="1.069576"/>
        <testcase name="test_info_pago" class="Instapago\Instapago\Tests\ApiInstapagoTest" classname="Instapago.Instapago.Tests.ApiInstapagoTest" file="/home/angel/html/php-instapago/tests/ApiInstapagoTest.php" line="95" assertions="1" time="1.015502"/>
        <testcase name="test_cancelar_pago" class="Instapago\Instapago\Tests\ApiInstapagoTest" classname="Instapago.Instapago.Tests.ApiInstapagoTest" file="/home/angel/html/php-instapago/tests/ApiInstapagoTest.php" line="104" assertions="1" time="0.875413"/>
      </testsuite>
    </testsuite>
  </testsuite>
</testsuites>
